<?xml version="1.0" encoding="UTF-8"?>
<!-- Generated by org.testng.reporters.JUnitXMLReporter -->
<testsuite ignored="0" hostname="CAPTAINS-LAPPY" failures="0" tests="4" name="Default test" time="95.679" errors="0" timestamp="2022-01-09T14:11:26 EST">
  <testcase classname="tests.LoginTest" name="loginWithWrongEmailPasswordTest" time="6.752"/>
  <testcase classname="tests.LoginTest" name="loginwithEmptyEmail" time="4.921"/>
  <testcase classname="tests.LoginTest" name="loginwithEmptyPassword" time="6.887"/>
  <testcase classname="tests.LoginTest" name="loginwithInvalidEmail" time="4.579"/>
</testsuite> <!-- Default test -->
