<?xml version="1.0" encoding="UTF-8"?>
<!-- Generated by org.testng.reporters.JUnitXMLReporter -->
<testsuite ignored="0" hostname="CAPTAINS-LAPPY" failures="0" tests="4" name="Test" time="98.263" errors="0" timestamp="09 Jan 2022 23:25:52 GMT">
  <testcase classname="tests.LoginTest" name="loginWithWrongEmailPasswordTest" time="4.716"/>
  <testcase classname="tests.LoginTest" name="loginwithEmptyEmail" time="5.64"/>
  <testcase classname="tests.LoginTest" name="loginwithEmptyPassword" time="4.057"/>
  <testcase classname="tests.LoginTest" name="loginwithInvalidEmail" time="6.159"/>
</testsuite> <!-- Test -->
