<?xml version="1.0" encoding="UTF-8"?>
<testng-results ignored="0" total="4" passed="4" failed="0" skipped="0">
  <reporter-output>
  </reporter-output>
  <suite started-at="2022-01-09T23:24:14Z" name="Suite" finished-at="2022-01-09T23:25:52Z" duration-ms="98263">
    <groups>
    </groups>
    <test started-at="2022-01-09T23:24:14Z" name="Test" finished-at="2022-01-09T23:25:52Z" duration-ms="98263">
      <class name="tests.LoginTest">
        <test-method is-config="true" signature="beforeMethod()[pri:0, instance:tests.LoginTest@2462cb01]" started-at="2022-01-09T23:24:14Z" name="beforeMethod" finished-at="2022-01-09T23:24:31Z" duration-ms="17768" status="PASS">
          <reporter-output>
          </reporter-output>
        </test-method> <!-- beforeMethod -->
        <test-method signature="loginWithWrongEmailPasswordTest()[pri:0, instance:tests.LoginTest@2462cb01]" started-at="2022-01-09T23:24:31Z" name="loginWithWrongEmailPasswordTest" finished-at="2022-01-09T23:24:36Z" duration-ms="4716" status="PASS">
          <reporter-output>
          </reporter-output>
        </test-method> <!-- loginWithWrongEmailPasswordTest -->
        <test-method is-config="true" signature="afterMethod()[pri:0, instance:tests.LoginTest@2462cb01]" started-at="2022-01-09T23:24:36Z" name="afterMethod" finished-at="2022-01-09T23:24:39Z" duration-ms="3002" status="PASS">
          <reporter-output>
          </reporter-output>
        </test-method> <!-- afterMethod -->
        <test-method is-config="true" signature="beforeMethod()[pri:0, instance:tests.LoginTest@2462cb01]" started-at="2022-01-09T23:24:39Z" name="beforeMethod" finished-at="2022-01-09T23:24:55Z" duration-ms="15713" status="PASS">
          <reporter-output>
          </reporter-output>
        </test-method> <!-- beforeMethod -->
        <test-method signature="loginwithEmptyEmail()[pri:0, instance:tests.LoginTest@2462cb01]" started-at="2022-01-09T23:24:55Z" name="loginwithEmptyEmail" finished-at="2022-01-09T23:25:00Z" duration-ms="5640" status="PASS">
          <reporter-output>
          </reporter-output>
        </test-method> <!-- loginwithEmptyEmail -->
        <test-method is-config="true" signature="afterMethod()[pri:0, instance:tests.LoginTest@2462cb01]" started-at="2022-01-09T23:25:00Z" name="afterMethod" finished-at="2022-01-09T23:25:03Z" duration-ms="2600" status="PASS">
          <reporter-output>
          </reporter-output>
        </test-method> <!-- afterMethod -->
        <test-method is-config="true" signature="beforeMethod()[pri:0, instance:tests.LoginTest@2462cb01]" started-at="2022-01-09T23:25:03Z" name="beforeMethod" finished-at="2022-01-09T23:25:19Z" duration-ms="16375" status="PASS">
          <reporter-output>
          </reporter-output>
        </test-method> <!-- beforeMethod -->
        <test-method signature="loginwithEmptyPassword()[pri:0, instance:tests.LoginTest@2462cb01]" started-at="2022-01-09T23:25:19Z" name="loginwithEmptyPassword" finished-at="2022-01-09T23:25:23Z" duration-ms="4057" status="PASS">
          <reporter-output>
          </reporter-output>
        </test-method> <!-- loginwithEmptyPassword -->
        <test-method is-config="true" signature="afterMethod()[pri:0, instance:tests.LoginTest@2462cb01]" started-at="2022-01-09T23:25:23Z" name="afterMethod" finished-at="2022-01-09T23:25:27Z" duration-ms="3237" status="PASS">
          <reporter-output>
          </reporter-output>
        </test-method> <!-- afterMethod -->
        <test-method is-config="true" signature="beforeMethod()[pri:0, instance:tests.LoginTest@2462cb01]" started-at="2022-01-09T23:25:27Z" name="beforeMethod" finished-at="2022-01-09T23:25:42Z" duration-ms="15421" status="PASS">
          <reporter-output>
          </reporter-output>
        </test-method> <!-- beforeMethod -->
        <test-method signature="loginwithInvalidEmail()[pri:0, instance:tests.LoginTest@2462cb01]" started-at="2022-01-09T23:25:42Z" name="loginwithInvalidEmail" finished-at="2022-01-09T23:25:48Z" duration-ms="6159" status="PASS">
          <reporter-output>
          </reporter-output>
        </test-method> <!-- loginwithInvalidEmail -->
        <test-method is-config="true" signature="afterMethod()[pri:0, instance:tests.LoginTest@2462cb01]" started-at="2022-01-09T23:25:48Z" name="afterMethod" finished-at="2022-01-09T23:25:52Z" duration-ms="3559" status="PASS">
          <reporter-output>
          </reporter-output>
        </test-method> <!-- afterMethod -->
      </class> <!-- tests.LoginTest -->
    </test> <!-- Test -->
  </suite> <!-- Suite -->
</testng-results>
